[2025-08-04 16:14:49][INFO] Loading resources...
[2025-08-04 16:14:49][FINE] Loading resources from: mods/bluemap-5.10-fabric.jar ...
[2025-08-04 16:14:49][FINE] Loading resources from: mods/Geyser-Fabric.jar ...
[2025-08-04 16:14:49][FINE] Loading resources from: mods/dragonegggame-1.0.2-1.21.6.jar ...
[2025-08-04 16:14:49][FINE] Loading resources from: mods/lithium-fabric-0.18.0+mc1.21.8.jar ...
[2025-08-04 16:14:49][FINE] Loading resources from: mods/fabric-api-0.130.0+1.21.8.jar ...
[2025-08-04 16:14:49][FINE] Loading resources from: mods/Floodgate-Fabric-2.2.5-b45.jar ...
[2025-08-04 16:14:49][FINE] Loading resources from: bluemap/resourceExtensions.zip ...
[2025-08-04 16:14:49][FINE] Loading resources from: bluemap/minecraft-client-1.21.8.jar ...
[2025-08-04 16:14:49][FINE] Collecting texture-keys...
[2025-08-04 16:14:49][FINE] Found 1154 texture-keys.
[2025-08-04 16:14:49][FINE] Loading textures from: mods/bluemap-5.10-fabric.jar ...
[2025-08-04 16:14:49][FINE] Loading textures from: mods/Geyser-Fabric.jar ...
[2025-08-04 16:14:50][FINE] Loading textures from: mods/dragonegggame-1.0.2-1.21.6.jar ...
[2025-08-04 16:14:50][FINE] Loading textures from: mods/lithium-fabric-0.18.0+mc1.21.8.jar ...
[2025-08-04 16:14:50][FINE] Loading textures from: mods/fabric-api-0.130.0+1.21.8.jar ...
[2025-08-04 16:14:50][FINE] Loading textures from: mods/Floodgate-Fabric-2.2.5-b45.jar ...
[2025-08-04 16:14:50][FINE] Loading textures from: bluemap/resourceExtensions.zip ...
[2025-08-04 16:14:50][FINE] Loading textures from: bluemap/minecraft-client-1.21.8.jar ...
[2025-08-04 16:14:50][FINE] Baking resources...
[2025-08-04 16:14:50][INFO] Resources loaded.
[2025-08-04 16:14:50][FINE] Loading world verm#minecraft:the_end ...
[2025-08-04 16:14:50][FINE] Loading datapack...
[2025-08-04 16:14:50][FINE] Loading datapack from: mods/bluemap-5.10-fabric.jar ...
[2025-08-04 16:14:51][FINE] Loading datapack from: mods/Geyser-Fabric.jar ...
[2025-08-04 16:14:51][FINE] Loading datapack from: mods/dragonegggame-1.0.2-1.21.6.jar ...
[2025-08-04 16:14:51][FINE] Loading datapack from: mods/lithium-fabric-0.18.0+mc1.21.8.jar ...
[2025-08-04 16:14:51][FINE] Loading datapack from: mods/fabric-api-0.130.0+1.21.8.jar ...
[2025-08-04 16:14:51][FINE] Loading datapack from: mods/Floodgate-Fabric-2.2.5-b45.jar ...
[2025-08-04 16:14:51][FINE] Loading datapack from: bluemap/resourceExtensions.zip ...
[2025-08-04 16:14:51][FINE] Loading datapack from: bluemap/minecraft-client-1.21.8.jar ...
[2025-08-04 16:14:51][FINE] Baking datapack...
[2025-08-04 16:14:51][FINE] Datapack loaded.
[2025-08-04 16:14:51][INFO] Initializing Storage: 'file' (Type: 'bluemap:file')
[2025-08-04 16:14:51][INFO] Loading map 'verm_the_end'...
[2025-08-04 16:14:51][FINE] Loading render-state for map 'verm_the_end'
[2025-08-04 16:14:51][FINE] Loading textures for map 'verm_the_end'
[2025-08-04 16:14:51][FINE] Loading world verm#minecraft:the_nether ...
[2025-08-04 16:14:51][FINE] Loading datapack...
[2025-08-04 16:14:51][FINE] Loading datapack from: mods/bluemap-5.10-fabric.jar ...
[2025-08-04 16:14:51][FINE] Loading datapack from: mods/Geyser-Fabric.jar ...
[2025-08-04 16:14:51][FINE] Loading datapack from: mods/dragonegggame-1.0.2-1.21.6.jar ...
[2025-08-04 16:14:51][FINE] Loading datapack from: mods/lithium-fabric-0.18.0+mc1.21.8.jar ...
[2025-08-04 16:14:51][FINE] Loading datapack from: mods/fabric-api-0.130.0+1.21.8.jar ...
[2025-08-04 16:14:51][FINE] Loading datapack from: mods/Floodgate-Fabric-2.2.5-b45.jar ...
[2025-08-04 16:14:51][FINE] Loading datapack from: bluemap/resourceExtensions.zip ...
[2025-08-04 16:14:51][FINE] Loading datapack from: bluemap/minecraft-client-1.21.8.jar ...
[2025-08-04 16:14:51][FINE] Baking datapack...
[2025-08-04 16:14:51][FINE] Datapack loaded.
[2025-08-04 16:14:51][INFO] Loading map 'verm_the_nether'...
[2025-08-04 16:14:51][FINE] Loading render-state for map 'verm_the_nether'
[2025-08-04 16:14:51][FINE] Loading textures for map 'verm_the_nether'
[2025-08-04 16:14:51][FINE] Loading world verm#minecraft:overworld ...
[2025-08-04 16:14:51][FINE] Loading datapack...
[2025-08-04 16:14:51][FINE] Loading datapack from: mods/bluemap-5.10-fabric.jar ...
[2025-08-04 16:14:51][FINE] Loading datapack from: mods/Geyser-Fabric.jar ...
[2025-08-04 16:14:51][FINE] Loading datapack from: mods/dragonegggame-1.0.2-1.21.6.jar ...
[2025-08-04 16:14:51][FINE] Loading datapack from: mods/lithium-fabric-0.18.0+mc1.21.8.jar ...
[2025-08-04 16:14:51][FINE] Loading datapack from: mods/fabric-api-0.130.0+1.21.8.jar ...
[2025-08-04 16:14:51][FINE] Loading datapack from: mods/Floodgate-Fabric-2.2.5-b45.jar ...
[2025-08-04 16:14:51][FINE] Loading datapack from: bluemap/resourceExtensions.zip ...
[2025-08-04 16:14:51][FINE] Loading datapack from: bluemap/minecraft-client-1.21.8.jar ...
[2025-08-04 16:14:51][FINE] Baking datapack...
[2025-08-04 16:14:51][FINE] Datapack loaded.
[2025-08-04 16:14:51][INFO] Loading map 'verm'...
[2025-08-04 16:14:51][FINE] Loading render-state for map 'verm'
[2025-08-04 16:14:51][FINE] Loading textures for map 'verm'
[2025-08-04 16:14:51][INFO] WebServer bound to all network interfaces on port 8100
[2025-08-04 16:14:51][INFO] WebServer started.
[2025-08-04 16:14:51][FINE] Started watching map 'verm_the_end' for updates...
[2025-08-04 16:14:51][FINE] Started watching map 'verm_the_nether' for updates...
[2025-08-04 16:14:51][FINE] Started watching map 'verm' for updates...
[2025-08-04 16:14:51][FINE] Registering style from API: assets/dragonegggame.css
[2025-08-04 16:14:51][INFO] BlueMap loaded!
[2025-08-04 16:14:58][FINE] Scheduled update for region-file: (-1, -1) (Map: verm)
[2025-08-04 16:14:58][FINE] Scheduled update for region-file: (0, -1) (Map: verm)
[2025-08-04 16:14:58][FINE] Scheduled update for region-file: (0, 0) (Map: verm)
[2025-08-04 16:14:58][FINE] Scheduled update for region-file: (-1, 0) (Map: verm)
